<?xml version="1.0" encoding="UTF-8"?>
<testng-results skipped="0" failed="0" ignored="1" total="3" passed="2">
  <reporter-output>
  </reporter-output>
  <suite name="Default suite" duration-ms="62" started-at="2022-05-25T18:02:29 IST" finished-at="2022-05-25T18:02:29 IST">
    <groups>
    </groups>
    <test name="Default test" duration-ms="62" started-at="2022-05-25T18:02:29 IST" finished-at="2022-05-25T18:02:29 IST">
      <class name="testNG.Para3">
        <test-method status="PASS" signature="param1()[pri:0, instance:testNG.Para3@5f282abb]" name="param1" duration-ms="0" started-at="2022-05-25T18:02:29 IST" finished-at="2022-05-25T18:02:29 IST">
          <reporter-output>
          </reporter-output>
        </test-method> <!-- param1 -->
        <test-method status="PASS" signature="param3()[pri:0, instance:testNG.Para3@5f282abb]" name="param3" duration-ms="0" started-at="2022-05-25T18:02:29 IST" finished-at="2022-05-25T18:02:29 IST">
          <reporter-output>
          </reporter-output>
        </test-method> <!-- param3 -->
      </class> <!-- testNG.Para3 -->
    </test> <!-- Default test -->
  </suite> <!-- Default suite -->
</testng-results>
