<?xml version="1.0" encoding="UTF-8"?>
<!-- Generated by org.testng.reporters.JUnitXMLReporter -->
<testsuite hostname="prashant" ignored="1" name="Default test" tests="2" failures="0" timestamp="2022-05-25T18:02:29 IST" time="0.062" errors="0">
  <testcase name="param1" time="0.0" classname="testNG.Para3"/>
  <testcase name="param3" time="0.0" classname="testNG.Para3"/>
  <testcase name="param2" time="0.0" classname="testNG.Para3">
    <ignored/>
  </testcase> <!-- param2 -->
</testsuite> <!-- Default test -->
